Analysis & Synthesis report for DE1_SOC
Thu Oct 22 19:28:47 2020
Quartus Prime Version 20.1.0 Build 711 06/05/2020 SJ Lite Edition


---------------------
; Table of Contents ;
---------------------
  1. Legal Notice
  2. Analysis & Synthesis Summary
  3. Analysis & Synthesis Settings
  4. Parallel Compilation
  5. Analysis & Synthesis Messages
  6. Analysis & Synthesis Suppressed Messages



----------------
; Legal Notice ;
----------------
Copyright (C) 2020  Intel Corporation. All rights reserved.
Your use of Intel Corporation's design tools, logic functions 
and other software and tools, and any partner logic 
functions, and any output files from any of the foregoing 
(including device programming or simulation files), and any 
associated documentation or information are expressly subject 
to the terms and conditions of the Intel Program License 
Subscription Agreement, the Intel Quartus Prime License Agreement,
the Intel FPGA IP License Agreement, or other applicable license
agreement, including, without limitation, that your use is for
the sole purpose of programming logic devices manufactured by
Intel and sold by Intel or its authorized distributors.  Please
refer to the applicable agreement for further details, at
https://fpgasoftware.intel.com/eula.



+---------------------------------------------------------------------------+
; Analysis & Synthesis Summary                                              ;
+-----------------------------+---------------------------------------------+
; Analysis & Synthesis Status ; Failed - Thu Oct 22 19:28:47 2020           ;
; Quartus Prime Version       ; 20.1.0 Build 711 06/05/2020 SJ Lite Edition ;
; Revision Name               ; DE1_SOC                                     ;
; Top-level Entity Name       ; DE1_SOC                                     ;
; Family                      ; Cyclone V                                   ;
; Logic utilization (in ALMs) ; N/A until Partition Merge                   ;
; Total registers             ; N/A until Partition Merge                   ;
; Total pins                  ; N/A until Partition Merge                   ;
; Total virtual pins          ; N/A until Partition Merge                   ;
; Total block memory bits     ; N/A until Partition Merge                   ;
; Total PLLs                  ; N/A until Partition Merge                   ;
; Total DLLs                  ; N/A until Partition Merge                   ;
+-----------------------------+---------------------------------------------+


+---------------------------------------------------------------------------------------------------------------------------+
; Analysis & Synthesis Settings                                                                                             ;
+---------------------------------------------------------------------------------+--------------------+--------------------+
; Option                                                                          ; Setting            ; Default Value      ;
+---------------------------------------------------------------------------------+--------------------+--------------------+
; Device                                                                          ; 5CSEMA5F31C6       ;                    ;
; Top-level entity name                                                           ; DE1_SOC            ; DE1_SOC            ;
; Family name                                                                     ; Cyclone V          ; Cyclone V          ;
; Use smart compilation                                                           ; Off                ; Off                ;
; Enable parallel Assembler and Timing Analyzer during compilation                ; On                 ; On                 ;
; Enable compact report table                                                     ; Off                ; Off                ;
; Restructure Multiplexers                                                        ; Auto               ; Auto               ;
; MLAB Add Timing Constraints For Mixed-Port Feed-Through Mode Setting Don't Care ; Off                ; Off                ;
; Create Debugging Nodes for IP Cores                                             ; Off                ; Off                ;
; Preserve fewer node names                                                       ; On                 ; On                 ;
; Intel FPGA IP Evaluation Mode                                                   ; Enable             ; Enable             ;
; Verilog Version                                                                 ; Verilog_2001       ; Verilog_2001       ;
; VHDL Version                                                                    ; VHDL_1993          ; VHDL_1993          ;
; State Machine Processing                                                        ; Auto               ; Auto               ;
; Safe State Machine                                                              ; Off                ; Off                ;
; Extract Verilog State Machines                                                  ; On                 ; On                 ;
; Extract VHDL State Machines                                                     ; On                 ; On                 ;
; Ignore Verilog initial constructs                                               ; Off                ; Off                ;
; Iteration limit for constant Verilog loops                                      ; 5000               ; 5000               ;
; Iteration limit for non-constant Verilog loops                                  ; 250                ; 250                ;
; Add Pass-Through Logic to Inferred RAMs                                         ; On                 ; On                 ;
; Infer RAMs from Raw Logic                                                       ; On                 ; On                 ;
; Parallel Synthesis                                                              ; On                 ; On                 ;
; DSP Block Balancing                                                             ; Auto               ; Auto               ;
; NOT Gate Push-Back                                                              ; On                 ; On                 ;
; Power-Up Don't Care                                                             ; On                 ; On                 ;
; Remove Redundant Logic Cells                                                    ; Off                ; Off                ;
; Remove Duplicate Registers                                                      ; On                 ; On                 ;
; Ignore CARRY Buffers                                                            ; Off                ; Off                ;
; Ignore CASCADE Buffers                                                          ; Off                ; Off                ;
; Ignore GLOBAL Buffers                                                           ; Off                ; Off                ;
; Ignore ROW GLOBAL Buffers                                                       ; Off                ; Off                ;
; Ignore LCELL Buffers                                                            ; Off                ; Off                ;
; Ignore SOFT Buffers                                                             ; On                 ; On                 ;
; Limit AHDL Integers to 32 Bits                                                  ; Off                ; Off                ;
; Optimization Technique                                                          ; Balanced           ; Balanced           ;
; Carry Chain Length                                                              ; 70                 ; 70                 ;
; Auto Carry Chains                                                               ; On                 ; On                 ;
; Auto Open-Drain Pins                                                            ; On                 ; On                 ;
; Perform WYSIWYG Primitive Resynthesis                                           ; Off                ; Off                ;
; Auto ROM Replacement                                                            ; On                 ; On                 ;
; Auto RAM Replacement                                                            ; On                 ; On                 ;
; Auto DSP Block Replacement                                                      ; On                 ; On                 ;
; Auto Shift Register Replacement                                                 ; Auto               ; Auto               ;
; Allow Shift Register Merging across Hierarchies                                 ; Auto               ; Auto               ;
; Auto Clock Enable Replacement                                                   ; On                 ; On                 ;
; Strict RAM Replacement                                                          ; Off                ; Off                ;
; Allow Synchronous Control Signals                                               ; On                 ; On                 ;
; Force Use of Synchronous Clear Signals                                          ; Off                ; Off                ;
; Auto Resource Sharing                                                           ; Off                ; Off                ;
; Allow Any RAM Size For Recognition                                              ; Off                ; Off                ;
; Allow Any ROM Size For Recognition                                              ; Off                ; Off                ;
; Allow Any Shift Register Size For Recognition                                   ; Off                ; Off                ;
; Use LogicLock Constraints during Resource Balancing                             ; On                 ; On                 ;
; Ignore translate_off and synthesis_off directives                               ; Off                ; Off                ;
; Timing-Driven Synthesis                                                         ; On                 ; On                 ;
; Report Parameter Settings                                                       ; On                 ; On                 ;
; Report Source Assignments                                                       ; On                 ; On                 ;
; Report Connectivity Checks                                                      ; On                 ; On                 ;
; Ignore Maximum Fan-Out Assignments                                              ; Off                ; Off                ;
; Synchronization Register Chain Length                                           ; 3                  ; 3                  ;
; Power Optimization During Synthesis                                             ; Normal compilation ; Normal compilation ;
; HDL message level                                                               ; Level2             ; Level2             ;
; Suppress Register Optimization Related Messages                                 ; Off                ; Off                ;
; Number of Removed Registers Reported in Synthesis Report                        ; 5000               ; 5000               ;
; Number of Swept Nodes Reported in Synthesis Report                              ; 5000               ; 5000               ;
; Number of Inverted Registers Reported in Synthesis Report                       ; 100                ; 100                ;
; Clock MUX Protection                                                            ; On                 ; On                 ;
; Auto Gated Clock Conversion                                                     ; Off                ; Off                ;
; Block Design Naming                                                             ; Auto               ; Auto               ;
; SDC constraint protection                                                       ; Off                ; Off                ;
; Synthesis Effort                                                                ; Auto               ; Auto               ;
; Shift Register Replacement - Allow Asynchronous Clear Signal                    ; On                 ; On                 ;
; Pre-Mapping Resynthesis Optimization                                            ; Off                ; Off                ;
; Analysis & Synthesis Message Level                                              ; Medium             ; Medium             ;
; Disable Register Merging Across Hierarchies                                     ; Auto               ; Auto               ;
; Resource Aware Inference For Block RAM                                          ; On                 ; On                 ;
; Automatic Parallel Synthesis                                                    ; On                 ; On                 ;
; Partial Reconfiguration Bitstream ID                                            ; Off                ; Off                ;
+---------------------------------------------------------------------------------+--------------------+--------------------+


+------------------------------------------+
; Parallel Compilation                     ;
+----------------------------+-------------+
; Processors                 ; Number      ;
+----------------------------+-------------+
; Number detected on machine ; 6           ;
; Maximum allowed            ; 6           ;
;                            ;             ;
; Average used               ; 1.00        ;
; Maximum used               ; 1           ;
;                            ;             ;
; Usage by Processor         ; % Time Used ;
;     Processor 1            ; 100.0%      ;
+----------------------------+-------------+


+-------------------------------+
; Analysis & Synthesis Messages ;
+-------------------------------+
Info: *******************************************************************
Info: Running Quartus Prime Analysis & Synthesis
    Info: Version 20.1.0 Build 711 06/05/2020 SJ Lite Edition
    Info: Processing started: Thu Oct 22 19:28:40 2020
Info: Command: quartus_map --read_settings_files=on --write_settings_files=off DE1_SOC -c DE1_SOC
Warning (18236): Number of processors has not been specified which may cause overloading on shared machines.  Set the global assignment NUM_PARALLEL_PROCESSORS in your QSF to an appropriate value for best performance.
Info (20030): Parallel compilation is enabled and will use 6 of the 6 processors detected
Info (12021): Found 1 design units, including 1 entities, in source file divider.v
    Info (12023): Found entity 1: divider File: C:/Users/hlK/Desktop/VGA/divider.v Line: 1
Info (12021): Found 1 design units, including 1 entities, in source file vga.v
    Info (12023): Found entity 1: vga File: C:/Users/hlK/Desktop/VGA/vga.v Line: 1
Warning (12125): Using design file de1_soc.v, which is not specified as a design file for the current project, but contains definitions for 1 design units and 1 entities in project
    Info (12023): Found entity 1: DE1_SOC File: C:/Users/hlK/Desktop/VGA/de1_soc.v Line: 1
Warning (10236): Verilog HDL Implicit Net warning at de1_soc.v(42): created implicit net for "CLK_25" File: C:/Users/hlK/Desktop/VGA/de1_soc.v Line: 42
Warning (10236): Verilog HDL Implicit Net warning at de1_soc.v(44): created implicit net for "RST_N" File: C:/Users/hlK/Desktop/VGA/de1_soc.v Line: 44
Error (10161): Verilog HDL error at de1_soc.v(75): object "Y" is not declared. Verify the object name is correct. If the name is correct, declare the object. File: C:/Users/hlK/Desktop/VGA/de1_soc.v Line: 75
Error (10161): Verilog HDL error at de1_soc.v(76): object "Y" is not declared. Verify the object name is correct. If the name is correct, declare the object. File: C:/Users/hlK/Desktop/VGA/de1_soc.v Line: 76
Error (10161): Verilog HDL error at de1_soc.v(77): object "Y" is not declared. Verify the object name is correct. If the name is correct, declare the object. File: C:/Users/hlK/Desktop/VGA/de1_soc.v Line: 77
Error (10161): Verilog HDL error at de1_soc.v(78): object "X" is not declared. Verify the object name is correct. If the name is correct, declare the object. File: C:/Users/hlK/Desktop/VGA/de1_soc.v Line: 78
Error (10161): Verilog HDL error at de1_soc.v(79): object "X" is not declared. Verify the object name is correct. If the name is correct, declare the object. File: C:/Users/hlK/Desktop/VGA/de1_soc.v Line: 79
Error (10161): Verilog HDL error at de1_soc.v(80): object "X" is not declared. Verify the object name is correct. If the name is correct, declare the object. File: C:/Users/hlK/Desktop/VGA/de1_soc.v Line: 80
Error (10161): Verilog HDL error at de1_soc.v(81): object "X" is not declared. Verify the object name is correct. If the name is correct, declare the object. File: C:/Users/hlK/Desktop/VGA/de1_soc.v Line: 81
Error (10161): Verilog HDL error at de1_soc.v(82): object "X" is not declared. Verify the object name is correct. If the name is correct, declare the object. File: C:/Users/hlK/Desktop/VGA/de1_soc.v Line: 82
Error (10161): Verilog HDL error at de1_soc.v(83): object "X" is not declared. Verify the object name is correct. If the name is correct, declare the object. File: C:/Users/hlK/Desktop/VGA/de1_soc.v Line: 83
Error (10161): Verilog HDL error at de1_soc.v(84): object "X" is not declared. Verify the object name is correct. If the name is correct, declare the object. File: C:/Users/hlK/Desktop/VGA/de1_soc.v Line: 84
Error (10161): Verilog HDL error at de1_soc.v(85): object "Y" is not declared. Verify the object name is correct. If the name is correct, declare the object. File: C:/Users/hlK/Desktop/VGA/de1_soc.v Line: 85
Error (10161): Verilog HDL error at de1_soc.v(86): object "Y" is not declared. Verify the object name is correct. If the name is correct, declare the object. File: C:/Users/hlK/Desktop/VGA/de1_soc.v Line: 86
Error (10161): Verilog HDL error at de1_soc.v(87): object "Y" is not declared. Verify the object name is correct. If the name is correct, declare the object. File: C:/Users/hlK/Desktop/VGA/de1_soc.v Line: 87
Error (10161): Verilog HDL error at de1_soc.v(88): object "Y" is not declared. Verify the object name is correct. If the name is correct, declare the object. File: C:/Users/hlK/Desktop/VGA/de1_soc.v Line: 88
Error (10161): Verilog HDL error at de1_soc.v(89): object "Y" is not declared. Verify the object name is correct. If the name is correct, declare the object. File: C:/Users/hlK/Desktop/VGA/de1_soc.v Line: 89
Error (10161): Verilog HDL error at de1_soc.v(90): object "Y" is not declared. Verify the object name is correct. If the name is correct, declare the object. File: C:/Users/hlK/Desktop/VGA/de1_soc.v Line: 90
Error (10161): Verilog HDL error at de1_soc.v(91): object "Y" is not declared. Verify the object name is correct. If the name is correct, declare the object. File: C:/Users/hlK/Desktop/VGA/de1_soc.v Line: 91
Info (144001): Generated suppressed messages file C:/Users/hlK/Desktop/VGA/DE1_SOC.map.smsg
Error: Quartus Prime Analysis & Synthesis was unsuccessful. 17 errors, 4 warnings
    Error: Peak virtual memory: 4774 megabytes
    Error: Processing ended: Thu Oct 22 19:28:47 2020
    Error: Elapsed time: 00:00:07
    Error: Total CPU time (on all processors): 00:00:13


+------------------------------------------+
; Analysis & Synthesis Suppressed Messages ;
+------------------------------------------+
The suppressed messages can be found in C:/Users/hlK/Desktop/VGA/DE1_SOC.map.smsg.


